# JRE version: OpenJDK Runtime Environment (11.0.5+10) (build 11.0.5+10-b520.30)
# Java VM: OpenJDK 64-Bit Server VM (11.0.5+10-b520.30, mixed mode, sharing, tiered, compressed oops, g1 gc, windows-amd64)
Heap:
 garbage-first heap   total 196608K, used 111012K [0x0000000741200000, 0x0000000800000000)
  region size 1024K, 102 young (104448K), 11 survivors (11264K)
 Metaspace       used 46348K, capacity 48062K, committed 48412K, reserved 1091584K
  class space    used 6003K, capacity 6658K, committed 6784K, reserved 1048576K
GC Heap History (14 events):
Event: 4.275 GC heap before
{Heap before GC invocations=0 (full 0):
 garbage-first heap   total 196608K, used 14336K [0x0000000741200000, 0x0000000800000000)
  region size 1024K, 14 young (14336K), 0 survivors (0K)
 Metaspace       used 5370K, capacity 5785K, committed 5888K, reserved 1056768K
  class space    used 679K, capacity 767K, committed 768K, reserved 1048576K
}
Event: 4.468 GC heap after
{Heap after GC invocations=1 (full 0):
 garbage-first heap   total 196608K, used 5439K [0x0000000741200000, 0x0000000800000000)
  region size 1024K, 2 young (2048K), 2 survivors (2048K)
 Metaspace       used 5370K, capacity 5785K, committed 5888K, reserved 1056768K
  class space    used 679K, capacity 767K, committed 768K, reserved 1048576K
}
Event: 4.912 GC heap before
{Heap before GC invocations=1 (full 0):
 garbage-first heap   total 196608K, used 12607K [0x0000000741200000, 0x0000000800000000)
  region size 1024K, 9 young (9216K), 2 survivors (2048K)
 Metaspace       used 6585K, capacity 6904K, committed 7168K, reserved 1056768K
  class space    used 824K, capacity 925K, committed 1024K, reserved 1048576K
}
Event: 4.917 GC heap after
{Heap after GC invocations=2 (full 0):
 garbage-first heap   total 196608K, used 6058K [0x0000000741200000, 0x0000000800000000)
  region size 1024K, 1 young (1024K), 1 survivors (1024K)
 Metaspace       used 6585K, capacity 6904K, committed 7168K, reserved 1056768K
  class space    used 824K, capacity 925K, committed 1024K, reserved 1048576K
}
Event: 5.696 GC heap before
{Heap before GC invocations=2 (full 0):
 garbage-first heap   total 196608K, used 30634K [0x0000000741200000, 0x0000000800000000)
  region size 1024K, 25 young (25600K), 1 survivors (1024K)
 Metaspace       used 10124K, capacity 10623K, committed 10880K, reserved 1058816K
  class space    used 1346K, capacity 1538K, committed 1664K, reserved 1048576K
}
Event: 5.701 GC heap after
{Heap after GC invocations=3 (full 0):
 garbage-first heap   total 196608K, used 7117K [0x0000000741200000, 0x0000000800000000)
  region size 1024K, 2 young (2048K), 2 survivors (2048K)
 Metaspace       used 10124K, capacity 10623K, committed 10880K, reserved 1058816K
  class space    used 1346K, capacity 1538K, committed 1664K, reserved 1048576K
}
Event: 6.880 GC heap before
{Heap before GC invocations=3 (full 0):
 garbage-first heap   total 196608K, used 50125K [0x0000000741200000, 0x0000000800000000)
  region size 1024K, 45 young (46080K), 2 survivors (2048K)
 Metaspace       used 17243K, capacity 17921K, committed 18048K, reserved 1064960K
  class space    used 2364K, capacity 2636K, committed 2688K, reserved 1048576K
}
Event: 6.889 GC heap after
{Heap after GC invocations=4 (full 0):
 garbage-first heap   total 196608K, used 9054K [0x0000000741200000, 0x0000000800000000)
  region size 1024K, 4 young (4096K), 4 survivors (4096K)
 Metaspace       used 17243K, capacity 17921K, committed 18048K, reserved 1064960K
  class space    used 2364K, capacity 2636K, committed 2688K, reserved 1048576K
}
Event: 9.502 GC heap before
{Heap before GC invocations=4 (full 0):
 garbage-first heap   total 196608K, used 58206K [0x0000000741200000, 0x0000000800000000)
  region size 1024K, 53 young (54272K), 4 survivors (4096K)
 Metaspace       used 20350K, capacity 21155K, committed 21296K, reserved 1067008K
  class space    used 2812K, capacity 3129K, committed 3200K, reserved 1048576K
}
Event: 9.528 GC heap after
{Heap after GC invocations=5 (full 0):
 garbage-first heap   total 196608K, used 11441K [0x0000000741200000, 0x0000000800000000)
  region size 1024K, 6 young (6144K), 6 survivors (6144K)
 Metaspace       used 20350K, capacity 21155K, committed 21296K, reserved 1067008K
  class space    used 2812K, capacity 3129K, committed 3200K, reserved 1048576K
}
Event: 20.786 GC heap before
{Heap before GC invocations=6 (full 0):
 garbage-first heap   total 196608K, used 105649K [0x0000000741200000, 0x0000000800000000)
  region size 1024K, 98 young (100352K), 6 survivors (6144K)
 Metaspace       used 30803K, capacity 32050K, committed 32304K, reserved 1077248K
  class space    used 4194K, capacity 4717K, committed 4736K, reserved 1048576K
}
Event: 20.810 GC heap after
{Heap after GC invocations=7 (full 0):
 garbage-first heap   total 196608K, used 16349K [0x0000000741200000, 0x0000000800000000)
  region size 1024K, 11 young (11264K), 11 survivors (11264K)
 Metaspace       used 30803K, capacity 32050K, committed 32304K, reserved 1077248K
  class space    used 4194K, capacity 4717K, committed 4736K, reserved 1048576K
}
Event: 26.124 GC heap before
{Heap before GC invocations=7 (full 0):
 garbage-first heap   total 196608K, used 108509K [0x0000000741200000, 0x0000000800000000)
  region size 1024K, 102 young (104448K), 11 survivors (11264K)
 Metaspace       used 34403K, capacity 35824K, committed 35888K, reserved 1079296K
  class space    used 4662K, capacity 5220K, committed 5248K, reserved 1048576K
}
Event: 26.213 GC heap after
{Heap after GC invocations=8 (full 0):
 garbage-first heap   total 196608K, used 19876K [0x0000000741200000, 0x0000000800000000)
  region size 1024K, 11 young (11264K), 11 survivors (11264K)
 Metaspace       used 34403K, capacity 35824K, committed 35888K, reserved 1079296K
  class space    used 4662K, capacity 5220K, committed 5248K, reserved 1048576K
}

