# JRE version: OpenJDK Runtime Environment (11.0.5+10) (build 11.0.5+10-b520.30)
# Java VM: OpenJDK 64-Bit Server VM (11.0.5+10-b520.30, mixed mode, sharing, tiered, compressed oops, g1 gc, windows-amd64)
Heap:
 garbage-first heap   total 236544K, used 26624K [0x0000000741200000, 0x0000000800000000)
  region size 1024K, 11 young (11264K), 11 survivors (11264K)
 Metaspace       used 45422K, capacity 47014K, committed 47132K, reserved 1095680K
  class space    used 5873K, capacity 6518K, committed 6604K, reserved 1048576K
GC Heap History (15 events):
Event: 2.492 GC heap before
{Heap before GC invocations=0 (full 0):
 garbage-first heap   total 196608K, used 14336K [0x0000000741200000, 0x0000000800000000)
  region size 1024K, 14 young (14336K), 0 survivors (0K)
 Metaspace       used 5413K, capacity 5736K, committed 6016K, reserved 1056768K
  class space    used 670K, capacity 772K, committed 896K, reserved 1048576K
}
Event: 2.510 GC heap after
{Heap after GC invocations=1 (full 0):
 garbage-first heap   total 196608K, used 5659K [0x0000000741200000, 0x0000000800000000)
  region size 1024K, 2 young (2048K), 2 survivors (2048K)
 Metaspace       used 5413K, capacity 5736K, committed 6016K, reserved 1056768K
  class space    used 670K, capacity 772K, committed 896K, reserved 1048576K
}
Event: 2.753 GC heap before
{Heap before GC invocations=1 (full 0):
 garbage-first heap   total 196608K, used 12827K [0x0000000741200000, 0x0000000800000000)
  region size 1024K, 9 young (9216K), 2 survivors (2048K)
 Metaspace       used 6532K, capacity 6889K, committed 7168K, reserved 1056768K
  class space    used 807K, capacity 921K, committed 1024K, reserved 1048576K
}
Event: 2.758 GC heap after
{Heap after GC invocations=2 (full 0):
 garbage-first heap   total 196608K, used 6221K [0x0000000741200000, 0x0000000800000000)
  region size 1024K, 1 young (1024K), 1 survivors (1024K)
 Metaspace       used 6532K, capacity 6889K, committed 7168K, reserved 1056768K
  class space    used 807K, capacity 921K, committed 1024K, reserved 1048576K
}
Event: 3.304 GC heap before
{Heap before GC invocations=2 (full 0):
 garbage-first heap   total 196608K, used 29773K [0x0000000741200000, 0x0000000800000000)
  region size 1024K, 24 young (24576K), 1 survivors (1024K)
 Metaspace       used 10160K, capacity 10642K, committed 10752K, reserved 1058816K
  class space    used 1332K, capacity 1503K, committed 1536K, reserved 1048576K
}
Event: 3.308 GC heap after
{Heap after GC invocations=3 (full 0):
 garbage-first heap   total 196608K, used 7167K [0x0000000741200000, 0x0000000800000000)
  region size 1024K, 2 young (2048K), 2 survivors (2048K)
 Metaspace       used 10160K, capacity 10642K, committed 10752K, reserved 1058816K
  class space    used 1332K, capacity 1503K, committed 1536K, reserved 1048576K
}
Event: 4.265 GC heap before
{Heap before GC invocations=3 (full 0):
 garbage-first heap   total 196608K, used 49151K [0x0000000741200000, 0x0000000800000000)
  region size 1024K, 44 young (45056K), 2 survivors (2048K)
 Metaspace       used 17034K, capacity 17724K, committed 18048K, reserved 1064960K
  class space    used 2334K, capacity 2593K, committed 2688K, reserved 1048576K
}
Event: 4.272 GC heap after
{Heap after GC invocations=4 (full 0):
 garbage-first heap   total 196608K, used 8814K [0x0000000741200000, 0x0000000800000000)
  region size 1024K, 4 young (4096K), 4 survivors (4096K)
 Metaspace       used 17034K, capacity 17724K, committed 18048K, reserved 1064960K
  class space    used 2334K, capacity 2593K, committed 2688K, reserved 1048576K
}
Event: 6.221 GC heap before
{Heap before GC invocations=4 (full 0):
 garbage-first heap   total 196608K, used 52846K [0x0000000741200000, 0x0000000800000000)
  region size 1024K, 49 young (50176K), 4 survivors (4096K)
 Metaspace       used 20279K, capacity 21189K, committed 21296K, reserved 1067008K
  class space    used 2798K, capacity 3176K, committed 3200K, reserved 1048576K
}
Event: 6.241 GC heap after
{Heap after GC invocations=5 (full 0):
 garbage-first heap   total 196608K, used 11058K [0x0000000741200000, 0x0000000800000000)
  region size 1024K, 6 young (6144K), 6 survivors (6144K)
 Metaspace       used 20279K, capacity 21189K, committed 21296K, reserved 1067008K
  class space    used 2798K, capacity 3176K, committed 3200K, reserved 1048576K
}
Event: 11.417 GC heap before
{Heap before GC invocations=6 (full 0):
 garbage-first heap   total 196608K, used 122674K [0x0000000741200000, 0x0000000800000000)
  region size 1024K, 115 young (117760K), 6 survivors (6144K)
 Metaspace       used 30988K, capacity 32267K, committed 32380K, reserved 1077248K
  class space    used 4199K, capacity 4721K, committed 4812K, reserved 1048576K
}
Event: 11.444 GC heap after
{Heap after GC invocations=7 (full 0):
 garbage-first heap   total 196608K, used 16588K [0x0000000741200000, 0x0000000800000000)
  region size 1024K, 11 young (11264K), 11 survivors (11264K)
 Metaspace       used 30988K, capacity 32267K, committed 32380K, reserved 1077248K
  class space    used 4199K, capacity 4721K, committed 4812K, reserved 1048576K
}
Event: 13.113 GC heap before
{Heap before GC invocations=7 (full 0):
 garbage-first heap   total 196608K, used 97484K [0x0000000741200000, 0x0000000800000000)
  region size 1024K, 91 young (93184K), 11 survivors (11264K)
 Metaspace       used 34351K, capacity 35812K, committed 35964K, reserved 1079296K
  class space    used 4645K, capacity 5228K, committed 5324K, reserved 1048576K
}
Event: 13.144 GC heap after
{Heap after GC invocations=8 (full 0):
 garbage-first heap   total 196608K, used 20228K [0x0000000741200000, 0x0000000800000000)
  region size 1024K, 12 young (12288K), 12 survivors (12288K)
 Metaspace       used 34351K, capacity 35812K, committed 35964K, reserved 1079296K
  class space    used 4645K, capacity 5228K, committed 5324K, reserved 1048576K
}
Event: 26.167 GC heap before
{Heap before GC invocations=9 (full 0):
 garbage-first heap   total 196608K, used 82692K [0x0000000741200000, 0x0000000800000000)
  region size 1024K, 74 young (75776K), 12 survivors (12288K)
 Metaspace       used 45422K, capacity 47014K, committed 47132K, reserved 1095680K
  class space    used 5873K, capacity 6518K, committed 6604K, reserved 1048576K
}

